<?xml version="1.0" encoding="UTF-8"?>
<!-- Generated by org.testng.reporters.JUnitReportReporter -->
<testsuite hostname="DESKTOP-H6VPAMH" failures="0" tests="1" name="testCases.DateFormat" time="0.017" errors="0" timestamp="2020-11-15T22:03:04 EST" skipped="0">
  <testcase classname="testCases.DateFormat" name="DateFormatChange" time="0.017"/>
  <system-out/>
</testsuite> <!-- testCases.DateFormat -->
