<?xml version="1.0" encoding="UTF-8"?>
<!-- Generated by org.testng.reporters.JUnitReportReporter -->
<testsuite hostname="DESKTOP-H6VPAMH" failures="0" tests="4" name="testCases.TestCases" time="37.195" errors="0" timestamp="2020-11-15T22:03:04 EST" skipped="0">
  <testcase classname="testCases.TestCases" name="EnterInvalidEmail" time="8.654"/>
  <system-out/>
  <testcase classname="testCases.TestCases" name="verifySignUpPageDisplay" time="8.215"/>
  <system-out/>
  <testcase classname="testCases.TestCases" name="verifyDetailsEntered" time="9.700"/>
  <system-out/>
  <testcase classname="testCases.TestCases" name="verifyPrivacyPolicyPage" time="10.626"/>
  <system-out/>
</testsuite> <!-- testCases.TestCases -->
